================================================================================
AUDIT PIPELINE EXECUTION
Started: 2026-02-02 08:52:52
================================================================================

================================================================================
Executing: Schema Initialization
   Notebook: 0_0_create_schema_AWS_v0.ipynb
================================================================================
ÔØî Schema Initialization - FAILED
Error: [NbConvertApp] Converting notebook D:\ITMeet\Operaciones\BP010-data-pipelines-auditoria\0_0_create_schema_AWS_v0.ipynb to notebook
C:\Users\leopo\.pyenv\pyenv-win\versions\3.11.8\Lib\site-packages\zmq\_future.py:718: RuntimeWarning: Proactor event loop does not implement add_reader family of methods required for zmq. Registering an additional selector thread for add_reader support via tornado. Use `asyncio.set_event_loop_policy(WindowsSelectorEventLoopPolicy())` to avoid this warning.
  self._get_loop()
[NbConvertApp] ERROR | Timeout waiting for execute reply (600s).
Traceback (most recent call last):
  File "C:\Users\leopo\.pyenv\pyenv-win\versions\3.11.8\Lib\site-packages\nbclient\client.py", line 782, in _async_poll_for_reply
    msg = await ensure_async(self.kc.shell_channel.get_msg(timeout=new_timeout))
          ^^^^^^^^^^^^^^^^^^^^^^^^^^^^^^^^^^^^^^^^^^^^^^^^^^^^^^^^^^^^^^^^^^^^^^
  File "C:\Users\leopo\AppData\Roaming\Python\Python311\site-packages\jupyter_core\utils\__init__.py", line 198, in ensure_async
    result = await obj
             ^^^^^^^^^
  File "C:\Users\leopo\AppData\Roaming\Python\Python311\site-packages\jupyter_client\channels.py", line 313, in get_msg
    raise Empty
_queue.Empty

During handling of the above exception, another exception occurred:

Traceback (most recent call last):
  File "<frozen runpy>", line 198, in _run_module_as_main
  File "<frozen runpy>", line 88, in _run_code
  File "C:\Users\leopo\.pyenv\pyenv-win\versions\3.11.8\Scripts\jupyter-nbconvert.exe\__main__.py", line 7, in <module>
  File "C:\Users\leopo\AppData\Roaming\Python\Python311\site-packages\jupyter_core\application.py", line 283, in launch_instance
    super().launch_instance(argv=argv, **kwargs)
  File "C:\Users\leopo\AppData\Roaming\Python\Python311\site-packages\traitlets\config\application.py", line 1075, in launch_instance
    app.start()
  File "C:\Users\leopo\.pyenv\pyenv-win\versions\3.11.8\Lib\site-packages\nbconvert\nbconvertapp.py", line 420, in start
    self.convert_notebooks()
  File "C:\Users\leopo\.pyenv\pyenv-win\versions\3.11.8\Lib\site-packages\nbconvert\nbconvertapp.py", line 597, in convert_notebooks
    self.convert_single_notebook(notebook_filename)
  File "C:\Users\leopo\.pyenv\pyenv-win\versions\3.11.8\Lib\site-packages\nbconvert\nbconvertapp.py", line 563, in convert_single_notebook
    output, resources = self.export_single_notebook(
                        ^^^^^^^^^^^^^^^^^^^^^^^^^^^^
  File "C:\Users\leopo\.pyenv\pyenv-win\versions\3.11.8\Lib\site-packages\nbconvert\nbconvertapp.py", line 487, in export_single_notebook
    output, resources = self.exporter.from_filename(
                        ^^^^^^^^^^^^^^^^^^^^^^^^^^^^
  File "C:\Users\leopo\.pyenv\pyenv-win\versions\3.11.8\Lib\site-packages\nbconvert\exporters\exporter.py", line 201, in from_filename
    return self.from_file(f, resources=resources, **kw)
           ^^^^^^^^^^^^^^^^^^^^^^^^^^^^^^^^^^^^^^^^^^^^
  File "C:\Users\leopo\.pyenv\pyenv-win\versions\3.11.8\Lib\site-packages\nbconvert\exporters\exporter.py", line 220, in from_file
    return self.from_notebook_node(
           ^^^^^^^^^^^^^^^^^^^^^^^^
  File "C:\Users\leopo\.pyenv\pyenv-win\versions\3.11.8\Lib\site-packages\nbconvert\exporters\notebook.py", line 36, in from_notebook_node
    nb_copy, resources = super().from_notebook_node(nb, resources, **kw)
                         ^^^^^^^^^^^^^^^^^^^^^^^^^^^^^^^^^^^^^^^^^^^^^^^
  File "C:\Users\leopo\.pyenv\pyenv-win\versions\3.11.8\Lib\site-packages\nbconvert\exporters\exporter.py", line 154, in from_notebook_node
    nb_copy, resources = self._preprocess(nb_copy, resources)
                         ^^^^^^^^^^^^^^^^^^^^^^^^^^^^^^^^^^^^
  File "C:\Users\leopo\.pyenv\pyenv-win\versions\3.11.8\Lib\site-packages\nbconvert\exporters\exporter.py", line 353, in _preprocess
    nbc, resc = preprocessor(nbc, resc)
                ^^^^^^^^^^^^^^^^^^^^^^^
  File "C:\Users\leopo\.pyenv\pyenv-win\versions\3.11.8\Lib\site-packages\nbconvert\preprocessors\base.py", line 48, in __call__
    return self.preprocess(nb, resources)
           ^^^^^^^^^^^^^^^^^^^^^^^^^^^^^^
  File "C:\Users\leopo\.pyenv\pyenv-win\versions\3.11.8\Lib\site-packages\nbconvert\preprocessors\execute.py", line 103, in preprocess
    self.preprocess_cell(cell, resources, index)
  File "C:\Users\leopo\.pyenv\pyenv-win\versions\3.11.8\Lib\site-packages\nbconvert\preprocessors\execute.py", line 124, in preprocess_cell
    cell = self.execute_cell(cell, index, store_history=True)
           ^^^^^^^^^^^^^^^^^^^^^^^^^^^^^^^^^^^^^^^^^^^^^^^^^^
  File "C:\Users\leopo\AppData\Roaming\Python\Python311\site-packages\jupyter_core\utils\__init__.py", line 165, in wrapped
    return loop.run_until_complete(inner)
           ^^^^^^^^^^^^^^^^^^^^^^^^^^^^^^
  File "C:\Users\leopo\.pyenv\pyenv-win\versions\3.11.8\Lib\asyncio\base_events.py", line 654, in run_until_complete
    return future.result()
           ^^^^^^^^^^^^^^^
  File "C:\Users\leopo\.pyenv\pyenv-win\versions\3.11.8\Lib\site-packages\nbclient\client.py", line 1005, in async_execute_cell
    exec_reply = await self.task_poll_for_reply
                 ^^^^^^^^^^^^^^^^^^^^^^^^^^^^^^
  File "C:\Users\leopo\.pyenv\pyenv-win\versions\3.11.8\Lib\site-packages\nbclient\client.py", line 806, in _async_poll_for_reply
    error_on_timeout_execute_reply = await self._async_handle_timeout(timeout, cell)
                                     ^^^^^^^^^^^^^^^^^^^^^^^^^^^^^^^^^^^^^^^^^^^^^^^
  File "C:\Users\leopo\.pyenv\pyenv-win\versions\3.11.8\Lib\site-packages\nbclient\client.py", line 856, in _async_handle_timeout
    raise CellTimeoutError.error_from_timeout_and_cell(
nbclient.exceptions.CellTimeoutError: A cell timed out while it was being executed, after 600 seconds.
The message was: Cell execution timed out.
Here is a preview of the cell contents:
-------------------
import os

# Asegurarse que el directorio de trabajo es la ra├¡z del proyecto
while os.path.basename(os.getcwd()) != ['BP010-data-pipelines', 'BP010-data-pipelines-auditoria']:
    print(f"\U0001f4cd Current working directory: {os.getcwd()}")
    os.chdir("../")
    
print(f"\U0001f4cd Current working directory: {os.getcwd()}")
-------------------



ÔØî Pipeline execution stopped due to failure in: Schema Initialization

================================================================================
EXECUTION SUMMARY
================================================================================
[FAIL] 0_0_create_schema_AWS_v0.ipynb: Failed

Completed: 0/1 notebooks
================================================================================
