Traceback (most recent call last):
  File "C:\Users\leopo\.pyenv\pyenv-win\versions\3.11.8\Lib\site-packages\sqlalchemy\engine\base.py", line 1967, in _exec_single_context
    self.dialect.do_execute(
  File "C:\Users\leopo\.pyenv\pyenv-win\versions\3.11.8\Lib\site-packages\sqlalchemy\engine\default.py", line 951, in do_execute
    cursor.execute(statement, parameters)
psycopg2.errors.UndefinedColumn: column "view_name" does not exist
LINE 1: ...ew_definition FROM information_schema.views WHERE view_name ...
                                                             ^


The above exception was the direct cause of the following exception:

Traceback (most recent call last):
  File "<string>", line 1, in <module>
  File "C:\Users\leopo\.pyenv\pyenv-win\versions\3.11.8\Lib\site-packages\sqlalchemy\engine\base.py", line 1419, in execute
    return meth(
           ^^^^^
  File "C:\Users\leopo\.pyenv\pyenv-win\versions\3.11.8\Lib\site-packages\sqlalchemy\sql\elements.py", line 526, in _execute_on_connection
    return connection._execute_clauseelement(
           ^^^^^^^^^^^^^^^^^^^^^^^^^^^^^^^^^^
  File "C:\Users\leopo\.pyenv\pyenv-win\versions\3.11.8\Lib\site-packages\sqlalchemy\engine\base.py", line 1641, in _execute_clauseelement
    ret = self._execute_context(
          ^^^^^^^^^^^^^^^^^^^^^^
  File "C:\Users\leopo\.pyenv\pyenv-win\versions\3.11.8\Lib\site-packages\sqlalchemy\engine\base.py", line 1846, in _execute_context
    return self._exec_single_context(
           ^^^^^^^^^^^^^^^^^^^^^^^^^^
  File "C:\Users\leopo\.pyenv\pyenv-win\versions\3.11.8\Lib\site-packages\sqlalchemy\engine\base.py", line 1986, in _exec_single_context
    self._handle_dbapi_exception(
  File "C:\Users\leopo\.pyenv\pyenv-win\versions\3.11.8\Lib\site-packages\sqlalchemy\engine\base.py", line 2355, in _handle_dbapi_exception
    raise sqlalchemy_exception.with_traceback(exc_info[2]) from e
  File "C:\Users\leopo\.pyenv\pyenv-win\versions\3.11.8\Lib\site-packages\sqlalchemy\engine\base.py", line 1967, in _exec_single_context
    self.dialect.do_execute(
  File "C:\Users\leopo\.pyenv\pyenv-win\versions\3.11.8\Lib\site-packages\sqlalchemy\engine\default.py", line 951, in do_execute
    cursor.execute(statement, parameters)
sqlalchemy.exc.ProgrammingError: (psycopg2.errors.UndefinedColumn) column "view_name" does not exist
LINE 1: ...ew_definition FROM information_schema.views WHERE view_name ...
                                                             ^

[SQL: SELECT view_definition FROM information_schema.views WHERE view_name = 'vw_limites_pozo_pivot_v4']
(Background on this error at: https://sqlalche.me/e/20/f405)
