Traceback (most recent call last):
>>> Carga Maestra de Variables y Metadatos Dashboard...
  File "C:\Users\leopo\.pyenv\pyenv-win\versions\3.11.8\Lib\site-packages\sqlalchemy\engine\base.py", line 1967, in _exec_single_context
    self.dialect.do_execute(
  File "C:\Users\leopo\.pyenv\pyenv-win\versions\3.11.8\Lib\site-packages\sqlalchemy\engine\default.py", line 951, in do_execute
    cursor.execute(statement, parameters)
psycopg2.errors.UniqueViolation: duplicate key value violates unique constraint "tbl_maestra_variables_nombre_tecnico_key"
DETAIL:  Key (nombre_tecnico)=(fecha_registro) already exists.


The above exception was the direct cause of the following exception:

Traceback (most recent call last):
  File "D:\ITMeet\Operaciones\BP010-data-pipelines-auditoria\load_referencial.py", line 161, in <module>
    load_maestra_and_metadata()
  File "D:\ITMeet\Operaciones\BP010-data-pipelines-auditoria\load_referencial.py", line 98, in load_maestra_and_metadata
    conn.execute(text("""
  File "C:\Users\leopo\.pyenv\pyenv-win\versions\3.11.8\Lib\site-packages\sqlalchemy\engine\base.py", line 1419, in execute
    return meth(
           ^^^^^
  File "C:\Users\leopo\.pyenv\pyenv-win\versions\3.11.8\Lib\site-packages\sqlalchemy\sql\elements.py", line 526, in _execute_on_connection
    return connection._execute_clauseelement(
           ^^^^^^^^^^^^^^^^^^^^^^^^^^^^^^^^^^
  File "C:\Users\leopo\.pyenv\pyenv-win\versions\3.11.8\Lib\site-packages\sqlalchemy\engine\base.py", line 1641, in _execute_clauseelement
    ret = self._execute_context(
          ^^^^^^^^^^^^^^^^^^^^^^
  File "C:\Users\leopo\.pyenv\pyenv-win\versions\3.11.8\Lib\site-packages\sqlalchemy\engine\base.py", line 1846, in _execute_context
    return self._exec_single_context(
           ^^^^^^^^^^^^^^^^^^^^^^^^^^
  File "C:\Users\leopo\.pyenv\pyenv-win\versions\3.11.8\Lib\site-packages\sqlalchemy\engine\base.py", line 1986, in _exec_single_context
    self._handle_dbapi_exception(
  File "C:\Users\leopo\.pyenv\pyenv-win\versions\3.11.8\Lib\site-packages\sqlalchemy\engine\base.py", line 2355, in _handle_dbapi_exception
    raise sqlalchemy_exception.with_traceback(exc_info[2]) from e
  File "C:\Users\leopo\.pyenv\pyenv-win\versions\3.11.8\Lib\site-packages\sqlalchemy\engine\base.py", line 1967, in _exec_single_context
    self.dialect.do_execute(
  File "C:\Users\leopo\.pyenv\pyenv-win\versions\3.11.8\Lib\site-packages\sqlalchemy\engine\default.py", line 951, in do_execute
    cursor.execute(statement, parameters)
sqlalchemy.exc.IntegrityError: (psycopg2.errors.UniqueViolation) duplicate key value violates unique constraint "tbl_maestra_variables_nombre_tecnico_key"
DETAIL:  Key (nombre_tecnico)=(fecha_registro) already exists.

[SQL: 
                INSERT INTO referencial.tbl_maestra_variables (id_formato1, nombre_tecnico, clasificacion_logica, panel_id, ident_dashboard_element, unidad_id)
                VALUES (%(id)s, %(name)s, %(cat)s, %(pid)s, %(ident)s, %(uid)s)
            ]
[parameters: {'id': 6, 'name': 'fecha_registro', 'cat': 'SENSOR', 'pid': 4, 'ident': '36', 'uid': None}]
(Background on this error at: https://sqlalche.me/e/20/gkpj)
